Using pre-set license
Built from '6000.0/staging' branch; Version is '6000.0.58f1 (44b8bf3a3225) revision 4503743'; Using compiler version '193933523'; Build Type 'Release'
OS: 'Windows 10  (10.0.19045) 64bit Core' Language: 'en' Physical Memory: 32645 MB
BatchMode: 1, IsHumanControllingUs: 0, StartBugReporterOnCrash: 0, Is64bit: 1
Date: 2025-09-26T01:08:24Z

COMMAND LINE ARGUMENTS:
D:\Unity\6000.0.58f1\Editor\Unity.exe
-adb2
-batchMode
-noUpm
-name
AssetImportWorker6
-projectPath
C:/Users/PokeM/OneDrive/Documents/GitHub/CS4555-3D-Project/Rollaball
-logFile
Logs/AssetImportWorker6.log
-srvPort
53307
-job-worker-count
5
-background-job-worker-count
8
-gc-helper-count
1
-name
AssetImport
Successfully changed project path to: C:/Users/PokeM/OneDrive/Documents/GitHub/CS4555-3D-Project/Rollaball
C:/Users/PokeM/OneDrive/Documents/GitHub/CS4555-3D-Project/Rollaball
[UnityMemory] Configuration Parameters - Can be set up in boot.config
    "memorysetup-bucket-allocator-granularity=16"
    "memorysetup-bucket-allocator-bucket-count=8"
    "memorysetup-bucket-allocator-block-size=33554432"
    "memorysetup-bucket-allocator-block-count=8"
    "memorysetup-main-allocator-block-size=16777216"
    "memorysetup-thread-allocator-block-size=16777216"
    "memorysetup-gfx-main-allocator-block-size=16777216"
    "memorysetup-gfx-thread-allocator-block-size=16777216"
    "memorysetup-cache-allocator-block-size=4194304"
    "memorysetup-typetree-allocator-block-size=2097152"
    "memorysetup-profiler-bucket-allocator-granularity=16"
    "memorysetup-profiler-bucket-allocator-bucket-count=8"
    "memorysetup-profiler-bucket-allocator-block-size=33554432"
    "memorysetup-profiler-bucket-allocator-block-count=8"
    "memorysetup-profiler-allocator-block-size=16777216"
    "memorysetup-profiler-editor-allocator-block-size=1048576"
    "memorysetup-temp-allocator-size-main=16777216"
    "memorysetup-job-temp-allocator-block-size=2097152"
    "memorysetup-job-temp-allocator-block-size-background=1048576"
    "memorysetup-job-temp-allocator-reduction-small-platforms=262144"
    "memorysetup-allocator-temp-initial-block-size-main=262144"
    "memorysetup-allocator-temp-initial-block-size-worker=262144"
    "memorysetup-temp-allocator-size-background-worker=32768"
    "memorysetup-temp-allocator-size-job-worker=262144"
    "memorysetup-temp-allocator-size-preload-manager=33554432"
    "memorysetup-temp-allocator-size-nav-mesh-worker=65536"
    "memorysetup-temp-allocator-size-audio-worker=65536"
    "memorysetup-temp-allocator-size-cloud-worker=32768"
    "memorysetup-temp-allocator-size-gi-baking-worker=262144"
    "memorysetup-temp-allocator-size-gi-baking-worker=262144"
    "memorysetup-temp-allocator-size-gi-baking-worker=262144"
    "memorysetup-temp-allocator-size-gi-baking-worker=262144"
    "memorysetup-temp-allocator-size-gi-baking-worker=262144"
    "memorysetup-temp-allocator-size-gfx=262144"
Player connection [25440]  Target information:

Player connection [25440]  * "[IP] 192.168.1.83 [Port] 0 [Flags] 2 [Guid] 391201540 [EditorId] 391201540 [Version] 1048832 [Id] WindowsEditor(7,Hiyokurenri) [Debug] 1 [PackageName] WindowsEditor [ProjectName] Editor" 

Player connection [25440] Host joined multi-casting on [225.0.0.222:54997]...
Player connection [25440] Host joined alternative multi-casting on [225.0.0.222:34997]...
JobSystem: Creating JobQueue using job-worker-count value 5
Input System module state changed to: Initialized.
[Physics::Module] Initialized fallback backend.
[Physics::Module] Id: 0xdecafbad
Library Redirect Path: Library/
[Physics::Module] Selected backend.
[Physics::Module] Name: PhysX
[Physics::Module] Id: 0xf2b8ea05
[Physics::Module] SDK Version: 4.1.2
[Physics::Module] Integration Version: 1.0.0
[Physics::Module] Threading Mode: Multi-Threaded
Refreshing native plugins compatible for Editor in 8.44 ms, found 7 plugins.
Preloading 0 native plugins for Editor in 0.00 ms.
Initialize engine version: 6000.0.58f1 (44b8bf3a3225)
[Subsystems] Discovering subsystems at path D:/Unity/6000.0.58f1/Editor/Data/Resources/UnitySubsystems
[Subsystems] Discovering subsystems at path C:/Users/PokeM/OneDrive/Documents/GitHub/CS4555-3D-Project/Rollaball/Assets
GfxDevice: creating device client; kGfxThreadingModeNonThreaded
Direct3D:
    Version:  Direct3D 11.0 [level 11.1]
    Renderer: NVIDIA GeForce RTX 2080 (ID=0x1e82)
    Vendor:   NVIDIA
    VRAM:     7989 MB
    Driver:   32.0.15.7216
Initialize mono
Mono path[0] = 'D:/Unity/6000.0.58f1/Editor/Data/Managed'
Mono path[1] = 'D:/Unity/6000.0.58f1/Editor/Data/MonoBleedingEdge/lib/mono/unityjit-win32'
Mono config path = 'D:/Unity/6000.0.58f1/Editor/Data/MonoBleedingEdge/etc'
Using monoOptions --debugger-agent=transport=dt_socket,embedding=1,server=y,suspend=n,address=127.0.0.1:56432
Begin MonoManager ReloadAssembly
Registering precompiled unity dll's ...
Register platform support module: D:/Unity/6000.0.58f1/Editor/Data/PlaybackEngines/WebGLSupport/UnityEditor.WebGL.Extensions.dll
Register platform support module: D:/Unity/6000.0.58f1/Editor/Data/PlaybackEngines/WindowsStandaloneSupport/UnityEditor.WindowsStandalone.Extensions.dll
Registered in 0.007511 seconds.
- Loaded All Assemblies, in  0.883 seconds
Native extension for WindowsStandalone target not found
Native extension for WebGL target not found
Mono: successfully reloaded assembly
- Finished resetting the current domain, in  0.865 seconds
Domain Reload Profiling: 1747ms
	BeginReloadAssembly (343ms)
		ExecutionOrderSort (0ms)
		DisableScriptedObjects (0ms)
		BackupInstance (0ms)
		ReleaseScriptingObjects (0ms)
		CreateAndSetChildDomain (2ms)
	RebuildCommonClasses (87ms)
	RebuildNativeTypeToScriptingClass (29ms)
	initialDomainReloadingComplete (87ms)
	LoadAllAssembliesAndSetupDomain (336ms)
		LoadAssemblies (341ms)
		RebuildTransferFunctionScriptingTraits (0ms)
		AnalyzeDomain (331ms)
			TypeCache.Refresh (329ms)
				TypeCache.ScanAssembly (303ms)
			BuildScriptInfoCaches (0ms)
			ResolveRequiredComponents (1ms)
	FinalizeReload (866ms)
		ReleaseScriptCaches (0ms)
		RebuildScriptCaches (0ms)
		SetupLoadedEditorAssemblies (755ms)
			LogAssemblyErrors (0ms)
			InitializePlatformSupportModulesInManaged (45ms)
			SetLoadedEditorAssemblies (8ms)
			BeforeProcessingInitializeOnLoad (205ms)
			ProcessInitializeOnLoadAttributes (353ms)
			ProcessInitializeOnLoadMethodAttributes (142ms)
			AfterProcessingInitializeOnLoad (0ms)
			EditorAssembliesLoaded (0ms)
		ExecutionOrderSort2 (0ms)
		AwakeInstancesAfterBackupRestoration (0ms)
========================================================================
Worker process is ready to serve import requests
Import Worker Mode flag is 0x00
Begin MonoManager ReloadAssembly
- Loaded All Assemblies, in  2.288 seconds
Refreshing native plugins compatible for Editor in 4.41 ms, found 7 plugins.
Native extension for WindowsStandalone target not found
Native extension for WebGL target not found
Package Manager log level set to [2]
[Package Manager] Failed to launch server process. Reason: Unity was launched with the -noUpm command-line argument
[Package Manager] Unable to send message (not connected to server process).
[Package Manager] Cannot connect to Unity Package Manager local server
Mono: successfully reloaded assembly
- Finished resetting the current domain, in  1.883 seconds
Domain Reload Profiling: 4156ms
	BeginReloadAssembly (414ms)
		ExecutionOrderSort (0ms)
		DisableScriptedObjects (11ms)
		BackupInstance (0ms)
		ReleaseScriptingObjects (0ms)
		CreateAndSetChildDomain (63ms)
	RebuildCommonClasses (94ms)
	RebuildNativeTypeToScriptingClass (40ms)
	initialDomainReloadingComplete (112ms)
	LoadAllAssembliesAndSetupDomain (1612ms)
		LoadAssemblies (1204ms)
		RebuildTransferFunctionScriptingTraits (0ms)
		AnalyzeDomain (666ms)
			TypeCache.Refresh (527ms)
				TypeCache.ScanAssembly (493ms)
			BuildScriptInfoCaches (112ms)
			ResolveRequiredComponents (21ms)
	FinalizeReload (1884ms)
		ReleaseScriptCaches (0ms)
		RebuildScriptCaches (0ms)
		SetupLoadedEditorAssemblies (1468ms)
			LogAssemblyErrors (0ms)
			InitializePlatformSupportModulesInManaged (6ms)
			SetLoadedEditorAssemblies (10ms)
			BeforeProcessingInitializeOnLoad (347ms)
			ProcessInitializeOnLoadAttributes (1003ms)
			ProcessInitializeOnLoadMethodAttributes (100ms)
			AfterProcessingInitializeOnLoad (3ms)
			EditorAssembliesLoaded (0ms)
		ExecutionOrderSort2 (0ms)
		AwakeInstancesAfterBackupRestoration (15ms)
Launched and connected shader compiler UnityShaderCompiler.exe after 0.11 seconds
Refreshing native plugins compatible for Editor in 65.18 ms, found 7 plugins.
Preloading 0 native plugins for Editor in 0.00 ms.
Unloading 25 Unused Serialized files (Serialized files now loaded: 0)
Unloading 6500 unused Assets / (3.5 MB). Loaded Objects now: 7214.
Memory consumption went from 139.1 MB to 135.5 MB.
Total: 22.902500 ms (FindLiveObjects: 1.283100 ms CreateObjectMapping: 2.091900 ms MarkObjects: 13.249100 ms  DeleteObjects: 6.276600 ms)

========================================================================
Received Import Request.
  Time since last request: 60384.159676 seconds.
  path: Assets/Obstacle Pack/Models/spin blade.fbx
  artifactKey: Guid(dcccae8e4d8234e82bebbb88f979ca13) Importer(815301076,1909f56bfc062723c751e8b465ee728b)
Start importing Assets/Obstacle Pack/Models/spin blade.fbx using Guid(dcccae8e4d8234e82bebbb88f979ca13) Importer(815301076,1909f56bfc062723c751e8b465ee728b) (PreviewImporter) -> (artifact id: '1a57ed879cd6aa948c01d9ec7ed2face') in 3.9215736 seconds
Number of updated asset objects reloaded before import = 0Number of asset objects unloaded after import = 9

========================================================================
Received Import Request.
  Time since last request: 0.000049 seconds.
  path: Assets/Obstacle Pack/Models/ice wall.fbx
  artifactKey: Guid(b4bfa028fd0c24ee49b98222ba053507) Importer(815301076,1909f56bfc062723c751e8b465ee728b)
Start importing Assets/Obstacle Pack/Models/ice wall.fbx using Guid(b4bfa028fd0c24ee49b98222ba053507) Importer(815301076,1909f56bfc062723c751e8b465ee728b) (PreviewImporter) -> (artifact id: '72afe8838f4b844cb5034ed0a68a6c85') in 0.0947074 seconds
Number of updated asset objects reloaded before import = 0Number of asset objects unloaded after import = 8

========================================================================
Received Import Request.
  Time since last request: 0.000064 seconds.
  path: Assets/Obstacle Pack/Prefabs/ice wall 2.prefab
  artifactKey: Guid(db577d85972bd4bb285c9ae2209105aa) Importer(815301076,1909f56bfc062723c751e8b465ee728b)
Start importing Assets/Obstacle Pack/Prefabs/ice wall 2.prefab using Guid(db577d85972bd4bb285c9ae2209105aa) Importer(815301076,1909f56bfc062723c751e8b465ee728b) (PreviewImporter) -> (artifact id: 'c4997e8528dfa66430640155f8ec6746') in 0.1996875 seconds
Number of updated asset objects reloaded before import = 0Number of asset objects unloaded after import = 14

========================================================================
Received Import Request.
  Time since last request: 0.000046 seconds.
  path: Assets/UnityTechnologies/EffectExamples/WeaponEffects/Prefabs/BulletImpactSandEffect.prefab
  artifactKey: Guid(a475880e7da0e9548aa05cb7933752cd) Importer(815301076,1909f56bfc062723c751e8b465ee728b)
Start importing Assets/UnityTechnologies/EffectExamples/WeaponEffects/Prefabs/BulletImpactSandEffect.prefab using Guid(a475880e7da0e9548aa05cb7933752cd) Importer(815301076,1909f56bfc062723c751e8b465ee728b) (PreviewImporter) -> (artifact id: '4e4db3e0f515d58456e4169552fc7786') in 0.0902435 seconds
Number of updated asset objects reloaded before import = 0Number of asset objects unloaded after import = 13

========================================================================
Received Import Request.
  Time since last request: 0.000039 seconds.
  path: Assets/Obstacle Pack/Prefabs/obstacle spikewall.prefab
  artifactKey: Guid(8de8ceead497241adbd1c8ea3c2f50d1) Importer(815301076,1909f56bfc062723c751e8b465ee728b)
Start importing Assets/Obstacle Pack/Prefabs/obstacle spikewall.prefab using Guid(8de8ceead497241adbd1c8ea3c2f50d1) Importer(815301076,1909f56bfc062723c751e8b465ee728b) (PreviewImporter) -> (artifact id: 'a6cb9f302209e3461211244ad5cd9ffe') in 5.9796351 seconds
Number of updated asset objects reloaded before import = 0Number of asset objects unloaded after import = 10

========================================================================
Received Import Request.
  Time since last request: 0.000044 seconds.
  path: Assets/Obstacle Pack/Prefabs/Hammer.prefab
  artifactKey: Guid(816e60df4bc0142b580d4ff43f6035d0) Importer(815301076,1909f56bfc062723c751e8b465ee728b)
Start importing Assets/Obstacle Pack/Prefabs/Hammer.prefab using Guid(816e60df4bc0142b580d4ff43f6035d0) Importer(815301076,1909f56bfc062723c751e8b465ee728b) (PreviewImporter) -> (artifact id: 'b29a72c3fc192f77b3cd127ce31e86e8') in 0.039006 seconds
Number of updated asset objects reloaded before import = 0Number of asset objects unloaded after import = 18

========================================================================
Received Import Request.
  Time since last request: 0.000056 seconds.
  path: Assets/UnityTechnologies/EffectExamples/Shared/Prefabs/WaterFilled.prefab
  artifactKey: Guid(b3310980331fa134d82770127f640471) Importer(815301076,1909f56bfc062723c751e8b465ee728b)
Start importing Assets/UnityTechnologies/EffectExamples/Shared/Prefabs/WaterFilled.prefab using Guid(b3310980331fa134d82770127f640471) Importer(815301076,1909f56bfc062723c751e8b465ee728b) (PreviewImporter) -> (artifact id: '37ea553c9b719799352bc32e0d5cdb36') in 0.0381496 seconds
Number of updated asset objects reloaded before import = 0Number of asset objects unloaded after import = 15

========================================================================
Received Import Request.
  Time since last request: 0.000070 seconds.
  path: Assets/HaniJahanDesign/FreePack/Models/HJD_FP_Torch_01.fbx
  artifactKey: Guid(e4416db0fa79cdf48b3b1499ef05ac62) Importer(815301076,1909f56bfc062723c751e8b465ee728b)
Start importing Assets/HaniJahanDesign/FreePack/Models/HJD_FP_Torch_01.fbx using Guid(e4416db0fa79cdf48b3b1499ef05ac62) Importer(815301076,1909f56bfc062723c751e8b465ee728b) (PreviewImporter) -> (artifact id: 'c402b4d6c320258b4be3322c04fe424b') in 0.0792102 seconds
Number of updated asset objects reloaded before import = 0Number of asset objects unloaded after import = 16

========================================================================
Received Import Request.
  Time since last request: 0.000039 seconds.
  path: Assets/Obstacle Pack/Models/obstacle crossbow.fbx
  artifactKey: Guid(238d494384fcb4343b8b133e91880644) Importer(815301076,1909f56bfc062723c751e8b465ee728b)
Start importing Assets/Obstacle Pack/Models/obstacle crossbow.fbx using Guid(238d494384fcb4343b8b133e91880644) Importer(815301076,1909f56bfc062723c751e8b465ee728b) (PreviewImporter) -> (artifact id: '032a0b6e17cb1601230e8d8200367a09') in 0.0769728 seconds
Number of updated asset objects reloaded before import = 0Number of asset objects unloaded after import = 16

========================================================================
Received Import Request.
  Time since last request: 0.000067 seconds.
  path: Assets/Obstacle Pack/Models/log_trap2.fbx
  artifactKey: Guid(28052bd2800d245a6a9d447d30576b92) Importer(815301076,1909f56bfc062723c751e8b465ee728b)
Start importing Assets/Obstacle Pack/Models/log_trap2.fbx using Guid(28052bd2800d245a6a9d447d30576b92) Importer(815301076,1909f56bfc062723c751e8b465ee728b) (PreviewImporter) -> (artifact id: 'c4b006449ddfbfc8e0167a503dad0400') in 0.0488676 seconds
Number of updated asset objects reloaded before import = 0Number of asset objects unloaded after import = 9

========================================================================
Received Import Request.
  Time since last request: 0.000043 seconds.
  path: Assets/Obstacle Pack/Models/obstacle spike.fbx
  artifactKey: Guid(204ad0e993e35443c87eb42f81edaed7) Importer(815301076,1909f56bfc062723c751e8b465ee728b)
Start importing Assets/Obstacle Pack/Models/obstacle spike.fbx using Guid(204ad0e993e35443c87eb42f81edaed7) Importer(815301076,1909f56bfc062723c751e8b465ee728b) (PreviewImporter) -> (artifact id: '3d536258bde7a9e8919970600fac6bb8') in 0.0650434 seconds
Number of updated asset objects reloaded before import = 0Number of asset objects unloaded after import = 16

========================================================================
Received Import Request.
  Time since last request: 0.000051 seconds.
  path: Assets/HaniJahanDesign/FreePack/Models/HJD_FP_Door_01.fbx
  artifactKey: Guid(05330103679337045b17c18b0d41577a) Importer(815301076,1909f56bfc062723c751e8b465ee728b)
Start importing Assets/HaniJahanDesign/FreePack/Models/HJD_FP_Door_01.fbx using Guid(05330103679337045b17c18b0d41577a) Importer(815301076,1909f56bfc062723c751e8b465ee728b) (PreviewImporter) -> (artifact id: '7127371b373e655c816773617eb3c25b') in 0.0526162 seconds
Number of updated asset objects reloaded before import = 0Number of asset objects unloaded after import = 9

========================================================================
Received Import Request.
  Time since last request: 0.000047 seconds.
  path: Assets/UnityTechnologies/EffectExamples/FireExplosionEffects/Prefabs/FlamesEffects.prefab
  artifactKey: Guid(b9e167e31f640b34f87caab122fca598) Importer(815301076,1909f56bfc062723c751e8b465ee728b)
Start importing Assets/UnityTechnologies/EffectExamples/FireExplosionEffects/Prefabs/FlamesEffects.prefab using Guid(b9e167e31f640b34f87caab122fca598) Importer(815301076,1909f56bfc062723c751e8b465ee728b) (PreviewImporter) -> (artifact id: '96643bfe7954dbbf309e9099d3b50e8d') in 0.3377787 seconds
Number of updated asset objects reloaded before import = 0Number of asset objects unloaded after import = 66

========================================================================
Received Import Request.
  Time since last request: 0.000058 seconds.
  path: Assets/Obstacle Pack/Models/barrier.fbx
  artifactKey: Guid(36a75e11c9f6f4032a59f1c5e5203bc2) Importer(815301076,1909f56bfc062723c751e8b465ee728b)
Start importing Assets/Obstacle Pack/Models/barrier.fbx using Guid(36a75e11c9f6f4032a59f1c5e5203bc2) Importer(815301076,1909f56bfc062723c751e8b465ee728b) (PreviewImporter) -> (artifact id: 'd4d32f6dd1bf3eb8df30c8d440c3064d') in 0.0437169 seconds
Number of updated asset objects reloaded before import = 0Number of asset objects unloaded after import = 9

========================================================================
Received Import Request.
  Time since last request: 0.000046 seconds.
  path: Assets/HaniJahanDesign/FreePack/Prefabs/HJD_FP_Coin_01.prefab
  artifactKey: Guid(f6a4b917ac39ab74ca806164bbd1ed99) Importer(815301076,1909f56bfc062723c751e8b465ee728b)
Start importing Assets/HaniJahanDesign/FreePack/Prefabs/HJD_FP_Coin_01.prefab using Guid(f6a4b917ac39ab74ca806164bbd1ed99) Importer(815301076,1909f56bfc062723c751e8b465ee728b) (PreviewImporter) -> (artifact id: 'ad632b26c8f80b20cbff5a1b370ac154') in 0.0279455 seconds
Number of updated asset objects reloaded before import = 0Number of asset objects unloaded after import = 16

Editor requested this worker to shutdown with reason: Scaling down because of idle timeout
AssetImportWorker is now disconnected from the server
Process exiting
Exiting without the bug reporter. Application will terminate with return code 0