Using pre-set license
Built from '6000.0/staging' branch; Version is '6000.0.57f1 (b7b9860b7bbd) revision 12040582'; Using compiler version '193933523'; Build Type 'Release'
OS: 'Windows 11  (10.0.26100) 64bit Core' Language: 'en' Physical Memory: 15605 MB
BatchMode: 1, IsHumanControllingUs: 0, StartBugReporterOnCrash: 0, Is64bit: 1
Date: 2025-09-25T16:32:18Z

COMMAND LINE ARGUMENTS:
C:\Program Files\Unity\Hub\Editor\6000.0.57f1\Editor\Unity.exe
-adb2
-batchMode
-noUpm
-name
AssetImportWorker8
-projectPath
C:/Users/Andyv/Documents/GitHub/CS4555-3D-Project/Rollaball
-logFile
Logs/AssetImportWorker8.log
-srvPort
53900
-job-worker-count
3
-background-job-worker-count
8
-gc-helper-count
1
-name
AssetImport
Successfully changed project path to: C:/Users/Andyv/Documents/GitHub/CS4555-3D-Project/Rollaball
C:/Users/Andyv/Documents/GitHub/CS4555-3D-Project/Rollaball
[UnityMemory] Configuration Parameters - Can be set up in boot.config
    "memorysetup-bucket-allocator-granularity=16"
    "memorysetup-bucket-allocator-bucket-count=8"
    "memorysetup-bucket-allocator-block-size=33554432"
    "memorysetup-bucket-allocator-block-count=8"
    "memorysetup-main-allocator-block-size=16777216"
    "memorysetup-thread-allocator-block-size=16777216"
    "memorysetup-gfx-main-allocator-block-size=16777216"
    "memorysetup-gfx-thread-allocator-block-size=16777216"
    "memorysetup-cache-allocator-block-size=4194304"
    "memorysetup-typetree-allocator-block-size=2097152"
    "memorysetup-profiler-bucket-allocator-granularity=16"
    "memorysetup-profiler-bucket-allocator-bucket-count=8"
    "memorysetup-profiler-bucket-allocator-block-size=33554432"
    "memorysetup-profiler-bucket-allocator-block-count=8"
    "memorysetup-profiler-allocator-block-size=16777216"
    "memorysetup-profiler-editor-allocator-block-size=1048576"
    "memorysetup-temp-allocator-size-main=16777216"
    "memorysetup-job-temp-allocator-block-size=2097152"
    "memorysetup-job-temp-allocator-block-size-background=1048576"
    "memorysetup-job-temp-allocator-reduction-small-platforms=262144"
    "memorysetup-allocator-temp-initial-block-size-main=262144"
    "memorysetup-allocator-temp-initial-block-size-worker=262144"
    "memorysetup-temp-allocator-size-background-worker=32768"
    "memorysetup-temp-allocator-size-job-worker=262144"
    "memorysetup-temp-allocator-size-preload-manager=33554432"
    "memorysetup-temp-allocator-size-nav-mesh-worker=65536"
    "memorysetup-temp-allocator-size-audio-worker=65536"
    "memorysetup-temp-allocator-size-cloud-worker=32768"
    "memorysetup-temp-allocator-size-gi-baking-worker=262144"
    "memorysetup-temp-allocator-size-gi-baking-worker=262144"
    "memorysetup-temp-allocator-size-gi-baking-worker=262144"
    "memorysetup-temp-allocator-size-gi-baking-worker=262144"
    "memorysetup-temp-allocator-size-gi-baking-worker=262144"
    "memorysetup-temp-allocator-size-gfx=262144"
Player connection [20528]  Target information:

Player connection [20528]  * "[IP] 192.168.112.1 [Port] 0 [Flags] 2 [Guid] 111727483 [EditorId] 111727483 [Version] 1048832 [Id] WindowsEditor(7,Andy) [Debug] 1 [PackageName] WindowsEditor [ProjectName] Editor" 

Player connection [20528]  * "[IP] 10.85.62.186 [Port] 0 [Flags] 2 [Guid] 111727483 [EditorId] 111727483 [Version] 1048832 [Id] WindowsEditor(7,Andy) [Debug] 1 [PackageName] WindowsEditor [ProjectName] Editor" 

Player connection [20528] Host joined multi-casting on [225.0.0.222:54997]...
Player connection [20528] Host joined alternative multi-casting on [225.0.0.222:34997]...
JobSystem: Creating JobQueue using job-worker-count value 3
Input System module state changed to: Initialized.
[Physics::Module] Initialized fallback backend.
[Physics::Module] Id: 0xdecafbad
Library Redirect Path: Library/
[Physics::Module] Selected backend.
[Physics::Module] Name: PhysX
[Physics::Module] Id: 0xf2b8ea05
[Physics::Module] SDK Version: 4.1.2
[Physics::Module] Integration Version: 1.0.0
[Physics::Module] Threading Mode: Multi-Threaded
Refreshing native plugins compatible for Editor in 12.50 ms, found 3 plugins.
Preloading 0 native plugins for Editor in 0.00 ms.
Initialize engine version: 6000.0.57f1 (b7b9860b7bbd)
[Subsystems] Discovering subsystems at path C:/Program Files/Unity/Hub/Editor/6000.0.57f1/Editor/Data/Resources/UnitySubsystems
[Subsystems] Discovering subsystems at path C:/Users/Andyv/Documents/GitHub/CS4555-3D-Project/Rollaball/Assets
GfxDevice: creating device client; kGfxThreadingModeNonThreaded
Direct3D:
    Version:  Direct3D 11.0 [level 11.1]
    Renderer: AMD Radeon(TM) Graphics (ID=0x1506)
    Vendor:   ATI
    VRAM:     7802 MB
    Driver:   32.0.21025.10016
Initialize mono
Mono path[0] = 'C:/Program Files/Unity/Hub/Editor/6000.0.57f1/Editor/Data/Managed'
Mono path[1] = 'C:/Program Files/Unity/Hub/Editor/6000.0.57f1/Editor/Data/MonoBleedingEdge/lib/mono/unityjit-win32'
Mono config path = 'C:/Program Files/Unity/Hub/Editor/6000.0.57f1/Editor/Data/MonoBleedingEdge/etc'
Using monoOptions --debugger-agent=transport=dt_socket,embedding=1,server=y,suspend=n,address=127.0.0.1:56600
Begin MonoManager ReloadAssembly
Registering precompiled unity dll's ...
Register platform support module: C:/Program Files/Unity/Hub/Editor/6000.0.57f1/Editor/Data/PlaybackEngines/WebGLSupport/UnityEditor.WebGL.Extensions.dll
Register platform support module: C:/Program Files/Unity/Hub/Editor/6000.0.57f1/Editor/Data/PlaybackEngines/WindowsStandaloneSupport/UnityEditor.WindowsStandalone.Extensions.dll
Registered in 0.012726 seconds.
- Loaded All Assemblies, in  2.322 seconds
Native extension for WindowsStandalone target not found
Native extension for WebGL target not found
Mono: successfully reloaded assembly
- Finished resetting the current domain, in  2.346 seconds
Domain Reload Profiling: 4661ms
	BeginReloadAssembly (896ms)
		ExecutionOrderSort (0ms)
		DisableScriptedObjects (0ms)
		BackupInstance (0ms)
		ReleaseScriptingObjects (0ms)
		CreateAndSetChildDomain (5ms)
	RebuildCommonClasses (317ms)
	RebuildNativeTypeToScriptingClass (60ms)
	initialDomainReloadingComplete (297ms)
	LoadAllAssembliesAndSetupDomain (744ms)
		LoadAssemblies (884ms)
		RebuildTransferFunctionScriptingTraits (0ms)
		AnalyzeDomain (729ms)
			TypeCache.Refresh (725ms)
				TypeCache.ScanAssembly (683ms)
			BuildScriptInfoCaches (0ms)
			ResolveRequiredComponents (1ms)
	FinalizeReload (2348ms)
		ReleaseScriptCaches (0ms)
		RebuildScriptCaches (0ms)
		SetupLoadedEditorAssemblies (2148ms)
			LogAssemblyErrors (0ms)
			InitializePlatformSupportModulesInManaged (95ms)
			SetLoadedEditorAssemblies (17ms)
			BeforeProcessingInitializeOnLoad (602ms)
			ProcessInitializeOnLoadAttributes (895ms)
			ProcessInitializeOnLoadMethodAttributes (537ms)
			AfterProcessingInitializeOnLoad (0ms)
			EditorAssembliesLoaded (2ms)
		ExecutionOrderSort2 (0ms)
		AwakeInstancesAfterBackupRestoration (0ms)
========================================================================
Worker process is ready to serve import requests
Import Worker Mode flag is 0x00
Begin MonoManager ReloadAssembly
- Loaded All Assemblies, in  3.126 seconds
Refreshing native plugins compatible for Editor in 4.48 ms, found 3 plugins.
Native extension for WindowsStandalone target not found
Native extension for WebGL target not found
Package Manager log level set to [2]
[Package Manager] Failed to launch server process. Reason: Unity was launched with the -noUpm command-line argument
[Package Manager] Unable to send message (not connected to server process).
[Package Manager] Cannot connect to Unity Package Manager local server
Mono: successfully reloaded assembly
- Finished resetting the current domain, in  5.606 seconds
Domain Reload Profiling: 8709ms
	BeginReloadAssembly (606ms)
		ExecutionOrderSort (0ms)
		DisableScriptedObjects (22ms)
		BackupInstance (0ms)
		ReleaseScriptingObjects (0ms)
		CreateAndSetChildDomain (85ms)
	RebuildCommonClasses (154ms)
	RebuildNativeTypeToScriptingClass (53ms)
	initialDomainReloadingComplete (161ms)
	LoadAllAssembliesAndSetupDomain (2127ms)
		LoadAssemblies (1548ms)
		RebuildTransferFunctionScriptingTraits (0ms)
		AnalyzeDomain (935ms)
			TypeCache.Refresh (687ms)
				TypeCache.ScanAssembly (644ms)
			BuildScriptInfoCaches (190ms)
			ResolveRequiredComponents (48ms)
	FinalizeReload (5607ms)
		ReleaseScriptCaches (0ms)
		RebuildScriptCaches (0ms)
		SetupLoadedEditorAssemblies (4506ms)
			LogAssemblyErrors (0ms)
			InitializePlatformSupportModulesInManaged (13ms)
			SetLoadedEditorAssemblies (34ms)
			BeforeProcessingInitializeOnLoad (1175ms)
			ProcessInitializeOnLoadAttributes (3044ms)
			ProcessInitializeOnLoadMethodAttributes (219ms)
			AfterProcessingInitializeOnLoad (20ms)
			EditorAssembliesLoaded (1ms)
		ExecutionOrderSort2 (0ms)
		AwakeInstancesAfterBackupRestoration (23ms)
Launched and connected shader compiler UnityShaderCompiler.exe after 0.05 seconds
Refreshing native plugins compatible for Editor in 4.45 ms, found 3 plugins.
Preloading 0 native plugins for Editor in 0.00 ms.
Unloading 13 Unused Serialized files (Serialized files now loaded: 0)
Unloading 6075 unused Assets / (5.0 MB). Loaded Objects now: 6777.
Memory consumption went from 125.1 MB to 120.1 MB.
Total: 27.553600 ms (FindLiveObjects: 1.815500 ms CreateObjectMapping: 2.594800 ms MarkObjects: 14.787000 ms  DeleteObjects: 8.353100 ms)

========================================================================
Received Prepare
Begin MonoManager ReloadAssembly
- Loaded All Assemblies, in  4.219 seconds
Refreshing native plugins compatible for Editor in 7.36 ms, found 3 plugins.
Native extension for WindowsStandalone target not found
Native extension for WebGL target not found
[Package Manager] Failed to launch server process. Reason: Unity was launched with the -noUpm command-line argument
[Package Manager] Unable to send message (not connected to server process).
[Package Manager] Cannot connect to Unity Package Manager local server
Mono: successfully reloaded assembly
- Finished resetting the current domain, in  4.638 seconds
Domain Reload Profiling: 8820ms
	BeginReloadAssembly (1029ms)
		ExecutionOrderSort (0ms)
		DisableScriptedObjects (26ms)
		BackupInstance (0ms)
		ReleaseScriptingObjects (0ms)
		CreateAndSetChildDomain (246ms)
	RebuildCommonClasses (337ms)
	RebuildNativeTypeToScriptingClass (86ms)
	initialDomainReloadingComplete (155ms)
	LoadAllAssembliesAndSetupDomain (2572ms)
		LoadAssemblies (2231ms)
		RebuildTransferFunctionScriptingTraits (0ms)
		AnalyzeDomain (881ms)
			TypeCache.Refresh (53ms)
				TypeCache.ScanAssembly (2ms)
			BuildScriptInfoCaches (769ms)
			ResolveRequiredComponents (46ms)
	FinalizeReload (4640ms)
		ReleaseScriptCaches (0ms)
		RebuildScriptCaches (0ms)
		SetupLoadedEditorAssemblies (3842ms)
			LogAssemblyErrors (0ms)
			InitializePlatformSupportModulesInManaged (11ms)
			SetLoadedEditorAssemblies (16ms)
			BeforeProcessingInitializeOnLoad (1031ms)
			ProcessInitializeOnLoadAttributes (2402ms)
			ProcessInitializeOnLoadMethodAttributes (369ms)
			AfterProcessingInitializeOnLoad (12ms)
			EditorAssembliesLoaded (1ms)
		ExecutionOrderSort2 (0ms)
		AwakeInstancesAfterBackupRestoration (54ms)
Refreshing native plugins compatible for Editor in 3.65 ms, found 3 plugins.
Preloading 0 native plugins for Editor in 0.00 ms.
Unloading 13 Unused Serialized files (Serialized files now loaded: 0)
Unloading 6071 unused Assets / (5.2 MB). Loaded Objects now: 6792.
Memory consumption went from 135.7 MB to 130.5 MB.
Total: 21.249000 ms (FindLiveObjects: 1.381700 ms CreateObjectMapping: 1.652800 ms MarkObjects: 11.118800 ms  DeleteObjects: 7.092600 ms)

Prepare: number of updated asset objects reloaded= 0
========================================================================
Received Import Request.
  Time since last request: 607385.921625 seconds.
  path: Assets/POLY STYLE - Platformer Starter Pack/Platformer Starter Pack_URP/Prefabs/Environments/Bridge_B.prefab
  artifactKey: Guid(186a8d9264fb5ee4bb4b0b5a4af78407) Importer(815301076,1909f56bfc062723c751e8b465ee728b)
Start importing Assets/POLY STYLE - Platformer Starter Pack/Platformer Starter Pack_URP/Prefabs/Environments/Bridge_B.prefab using Guid(186a8d9264fb5ee4bb4b0b5a4af78407) Importer(815301076,1909f56bfc062723c751e8b465ee728b) (PreviewImporter) -> (artifact id: '9d316a790ae56e997d207d2dbdda6439') in 2.8618185 seconds
Number of updated asset objects reloaded before import = 0Number of asset objects unloaded after import = 10

========================================================================
Received Import Request.
  Time since last request: 0.000152 seconds.
  path: Assets/POLY STYLE - Platformer Starter Pack/Platformer Starter Pack_URP/Prefabs/Environments/Ground_G1.prefab
  artifactKey: Guid(4caec93c49ab5b34593a7cdc71d23e05) Importer(815301076,1909f56bfc062723c751e8b465ee728b)
Start importing Assets/POLY STYLE - Platformer Starter Pack/Platformer Starter Pack_URP/Prefabs/Environments/Ground_G1.prefab using Guid(4caec93c49ab5b34593a7cdc71d23e05) Importer(815301076,1909f56bfc062723c751e8b465ee728b) (PreviewImporter) -> (artifact id: 'e40fa725f4c548ba3df0980575ec7198') in 0.0857848 seconds
Number of updated asset objects reloaded before import = 0Number of asset objects unloaded after import = 12

========================================================================
Received Import Request.
  Time since last request: 0.000174 seconds.
  path: Assets/POLY STYLE - Platformer Starter Pack/Platformer Starter Pack_URP/Prefabs/Environments/Props_3.prefab
  artifactKey: Guid(e1f3eb9b7c62ede409fa1a4d6770ef88) Importer(815301076,1909f56bfc062723c751e8b465ee728b)
Start importing Assets/POLY STYLE - Platformer Starter Pack/Platformer Starter Pack_URP/Prefabs/Environments/Props_3.prefab using Guid(e1f3eb9b7c62ede409fa1a4d6770ef88) Importer(815301076,1909f56bfc062723c751e8b465ee728b) (PreviewImporter) -> (artifact id: '305074a9780a0dc23d8ba32587b8248f') in 0.1146342 seconds
Number of updated asset objects reloaded before import = 0Number of asset objects unloaded after import = 11

========================================================================
Received Import Request.
  Time since last request: 0.000177 seconds.
  path: Assets/POLY STYLE - Platformer Starter Pack/Platformer Starter Pack_URP/Prefabs/Environments/Tree_1.prefab
  artifactKey: Guid(900020bfbf6587d4585d9a2820e456f2) Importer(815301076,1909f56bfc062723c751e8b465ee728b)
Start importing Assets/POLY STYLE - Platformer Starter Pack/Platformer Starter Pack_URP/Prefabs/Environments/Tree_1.prefab using Guid(900020bfbf6587d4585d9a2820e456f2) Importer(815301076,1909f56bfc062723c751e8b465ee728b) (PreviewImporter) -> (artifact id: '6bc9fd793bf1501c1d7c41792a52ddbe') in 0.143566 seconds
Number of updated asset objects reloaded before import = 0Number of asset objects unloaded after import = 10

========================================================================
Received Import Request.
  Time since last request: 0.002936 seconds.
  path: Assets/POLY STYLE - Platformer Starter Pack/Platformer Starter Pack_URP/Prefabs/Environments/Props_9.prefab
  artifactKey: Guid(380287f50b6d85c44a78fc73bcd3bbce) Importer(815301076,1909f56bfc062723c751e8b465ee728b)
Start importing Assets/POLY STYLE - Platformer Starter Pack/Platformer Starter Pack_URP/Prefabs/Environments/Props_9.prefab using Guid(380287f50b6d85c44a78fc73bcd3bbce) Importer(815301076,1909f56bfc062723c751e8b465ee728b) (PreviewImporter) -> (artifact id: '3e65151aafdfa6afaf0a147cb0aae90a') in 0.1206638 seconds
Number of updated asset objects reloaded before import = 0Number of asset objects unloaded after import = 18

========================================================================
Received Import Request.
  Time since last request: 0.000098 seconds.
  path: Assets/POLY STYLE - Platformer Starter Pack/Platformer Starter Pack_URP/Prefabs/Environments/Stone_1.prefab
  artifactKey: Guid(b0035cc3b5e6130448e28efdaf06b319) Importer(815301076,1909f56bfc062723c751e8b465ee728b)
Start importing Assets/POLY STYLE - Platformer Starter Pack/Platformer Starter Pack_URP/Prefabs/Environments/Stone_1.prefab using Guid(b0035cc3b5e6130448e28efdaf06b319) Importer(815301076,1909f56bfc062723c751e8b465ee728b) (PreviewImporter) -> (artifact id: 'e9adfe8263bb150119c64bb37bcdcb6c') in 0.1255996 seconds
Number of updated asset objects reloaded before import = 0Number of asset objects unloaded after import = 10

========================================================================
Received Import Request.
  Time since last request: 0.000164 seconds.
  path: Assets/POLY STYLE - Platformer Starter Pack/Platformer Starter Pack_URP/Prefabs/Environments/Stone_2.prefab
  artifactKey: Guid(6489ddf5157f65840adb429c54b450ff) Importer(815301076,1909f56bfc062723c751e8b465ee728b)
Start importing Assets/POLY STYLE - Platformer Starter Pack/Platformer Starter Pack_URP/Prefabs/Environments/Stone_2.prefab using Guid(6489ddf5157f65840adb429c54b450ff) Importer(815301076,1909f56bfc062723c751e8b465ee728b) (PreviewImporter) -> (artifact id: 'cd7bc9400d622b93798f80c14d74a5dc') in 0.0972864 seconds
Number of updated asset objects reloaded before import = 0Number of asset objects unloaded after import = 10

========================================================================
Received Import Request.
  Time since last request: 0.000092 seconds.
  path: Assets/POLY STYLE - Platformer Starter Pack/Platformer Starter Pack_URP/Prefabs/Environments/Stone_3.prefab
  artifactKey: Guid(c6167d9e9d25c0a42a42842b617775c3) Importer(815301076,1909f56bfc062723c751e8b465ee728b)
Start importing Assets/POLY STYLE - Platformer Starter Pack/Platformer Starter Pack_URP/Prefabs/Environments/Stone_3.prefab using Guid(c6167d9e9d25c0a42a42842b617775c3) Importer(815301076,1909f56bfc062723c751e8b465ee728b) (PreviewImporter) -> (artifact id: 'a66d5c26d403358affdd958f06e0b190') in 0.1306027 seconds
Number of updated asset objects reloaded before import = 0Number of asset objects unloaded after import = 10

========================================================================
Received Import Request.
  Time since last request: 0.000162 seconds.
  path: Assets/POLY STYLE - Platformer Starter Pack/Platformer Starter Pack_URP/Prefabs/Environments/Props_6.prefab
  artifactKey: Guid(bcdb601ee0e1144478b160e8530cefa2) Importer(815301076,1909f56bfc062723c751e8b465ee728b)
Start importing Assets/POLY STYLE - Platformer Starter Pack/Platformer Starter Pack_URP/Prefabs/Environments/Props_6.prefab using Guid(bcdb601ee0e1144478b160e8530cefa2) Importer(815301076,1909f56bfc062723c751e8b465ee728b) (PreviewImporter) -> (artifact id: 'e9a337cbb97ef88cc24bb8f6997c84f6') in 0.0941538 seconds
Number of updated asset objects reloaded before import = 0Number of asset objects unloaded after import = 9

========================================================================
Received Import Request.
  Time since last request: 0.000094 seconds.
  path: Assets/POLY STYLE - Platformer Starter Pack/Platformer Starter Pack_URP/Prefabs/Environments/Ground_H.prefab
  artifactKey: Guid(f9028a1015685ce4795e21831f327fb9) Importer(815301076,1909f56bfc062723c751e8b465ee728b)
Start importing Assets/POLY STYLE - Platformer Starter Pack/Platformer Starter Pack_URP/Prefabs/Environments/Ground_H.prefab using Guid(f9028a1015685ce4795e21831f327fb9) Importer(815301076,1909f56bfc062723c751e8b465ee728b) (PreviewImporter) -> (artifact id: '2abe96e6746bed63f54da4cbc643249d') in 0.1277607 seconds
Number of updated asset objects reloaded before import = 0Number of asset objects unloaded after import = 13

========================================================================
Received Import Request.
  Time since last request: 0.000131 seconds.
  path: Assets/POLY STYLE - Platformer Starter Pack/Platformer Starter Pack_URP/Prefabs/Environments/Ground_E1.prefab
  artifactKey: Guid(f09d76e28c315d442b4a6f6bc6ff9689) Importer(815301076,1909f56bfc062723c751e8b465ee728b)
Start importing Assets/POLY STYLE - Platformer Starter Pack/Platformer Starter Pack_URP/Prefabs/Environments/Ground_E1.prefab using Guid(f09d76e28c315d442b4a6f6bc6ff9689) Importer(815301076,1909f56bfc062723c751e8b465ee728b) (PreviewImporter) -> (artifact id: 'a3ae0aa42b6c44349e1dc0c391a96fac') in 12.829875 seconds
Number of updated asset objects reloaded before import = 0Number of asset objects unloaded after import = 16

========================================================================
Received Import Request.
  Time since last request: 123.155033 seconds.
  path: Assets/POLY STYLE - Platformer Starter Pack/Platformer Starter Pack_URP/Settings/UniversalRP-HighQuality.asset
  artifactKey: Guid(19ba41d7c0026c3459d37c2fe90c55a0) Importer(815301076,1909f56bfc062723c751e8b465ee728b)
Start importing Assets/POLY STYLE - Platformer Starter Pack/Platformer Starter Pack_URP/Settings/UniversalRP-HighQuality.asset using Guid(19ba41d7c0026c3459d37c2fe90c55a0) Importer(815301076,1909f56bfc062723c751e8b465ee728b) (PreviewImporter) -> (artifact id: 'a068b1bd11eb1768b56f5b85b188a6ea') in 0.0117503 seconds
Number of updated asset objects reloaded before import = 0Number of asset objects unloaded after import = 3

========================================================================
Received Import Request.
  Time since last request: 0.000075 seconds.
  path: Assets/POLY STYLE - Platformer Starter Pack/Platformer Starter Pack_URP/Settings/UniversalRP-MediumQuality.asset
  artifactKey: Guid(d847b876476d3d6468f5dfcd34266f96) Importer(815301076,1909f56bfc062723c751e8b465ee728b)
Start importing Assets/POLY STYLE - Platformer Starter Pack/Platformer Starter Pack_URP/Settings/UniversalRP-MediumQuality.asset using Guid(d847b876476d3d6468f5dfcd34266f96) Importer(815301076,1909f56bfc062723c751e8b465ee728b) (PreviewImporter) -> (artifact id: 'afa3e07401fc23351dc43bcf04e85371') in 0.0064802 seconds
Number of updated asset objects reloaded before import = 0Number of asset objects unloaded after import = 3

========================================================================
Received Import Request.
  Time since last request: 956.254588 seconds.
  path: Assets/HaniJahanDesign/FreePack/Prefabs/HJD_FP_Button_01.prefab
  artifactKey: Guid(5bc9a5bbf4609924aa00bf5db217e716) Importer(815301076,1909f56bfc062723c751e8b465ee728b)
Start importing Assets/HaniJahanDesign/FreePack/Prefabs/HJD_FP_Button_01.prefab using Guid(5bc9a5bbf4609924aa00bf5db217e716) Importer(815301076,1909f56bfc062723c751e8b465ee728b) (PreviewImporter) -> (artifact id: 'df30ccf43d580b7f446107dfd6b8cd39') in 0.1935919 seconds
Number of updated asset objects reloaded before import = 0Number of asset objects unloaded after import = 29

========================================================================
Received Import Request.
  Time since last request: 0.000088 seconds.
  path: Assets/HaniJahanDesign/FreePack/Prefabs/HJD_FP_Crate_01.prefab
  artifactKey: Guid(02bb6eede665d534a96b79960cf0da00) Importer(815301076,1909f56bfc062723c751e8b465ee728b)
Start importing Assets/HaniJahanDesign/FreePack/Prefabs/HJD_FP_Crate_01.prefab using Guid(02bb6eede665d534a96b79960cf0da00) Importer(815301076,1909f56bfc062723c751e8b465ee728b) (PreviewImporter) -> (artifact id: 'ba7c3f2f16b06e05fce9b3b77b709156') in 0.1142783 seconds
Number of updated asset objects reloaded before import = 0Number of asset objects unloaded after import = 16

========================================================================
Received Import Request.
  Time since last request: 0.000257 seconds.
  path: Assets/HaniJahanDesign/FreePack/Prefabs/HJD_FP_Ground_Flat_03.prefab
  artifactKey: Guid(55be4a8b8a2ef7f4485afcb6e625ccfc) Importer(815301076,1909f56bfc062723c751e8b465ee728b)
Start importing Assets/HaniJahanDesign/FreePack/Prefabs/HJD_FP_Ground_Flat_03.prefab using Guid(55be4a8b8a2ef7f4485afcb6e625ccfc) Importer(815301076,1909f56bfc062723c751e8b465ee728b) (PreviewImporter) -> (artifact id: '0f535b4e1c2562492e61d8dad98fedd5') in 0.1084275 seconds
Number of updated asset objects reloaded before import = 0Number of asset objects unloaded after import = 16

========================================================================
Received Import Request.
  Time since last request: 0.000074 seconds.
  path: Assets/HaniJahanDesign/FreePack/Prefabs/HJD_FP_Ground_Floating_02.prefab
  artifactKey: Guid(4dac94d003cc763488d5431ece96921e) Importer(815301076,1909f56bfc062723c751e8b465ee728b)
Start importing Assets/HaniJahanDesign/FreePack/Prefabs/HJD_FP_Ground_Floating_02.prefab using Guid(4dac94d003cc763488d5431ece96921e) Importer(815301076,1909f56bfc062723c751e8b465ee728b) (PreviewImporter) -> (artifact id: '749adcba0f8caf1b320a35360ca8a230') in 0.1355594 seconds
Number of updated asset objects reloaded before import = 0Number of asset objects unloaded after import = 16

========================================================================
Received Import Request.
  Time since last request: 0.000096 seconds.
  path: Assets/HaniJahanDesign/FreePack/Prefabs/HJD_FP_Hazzard_01.prefab
  artifactKey: Guid(134f867878859b64b87b500cb64aac29) Importer(815301076,1909f56bfc062723c751e8b465ee728b)
Start importing Assets/HaniJahanDesign/FreePack/Prefabs/HJD_FP_Hazzard_01.prefab using Guid(134f867878859b64b87b500cb64aac29) Importer(815301076,1909f56bfc062723c751e8b465ee728b) (PreviewImporter) -> (artifact id: '5eb1933acbbc1ea058c49be72cc93040') in 0.1078628 seconds
Number of updated asset objects reloaded before import = 0Number of asset objects unloaded after import = 29

========================================================================
Received Import Request.
  Time since last request: 0.000262 seconds.
  path: Assets/HaniJahanDesign/FreePack/Prefabs/HJD_FP_Ground_Floating_03.prefab
  artifactKey: Guid(f137b743451013a4786b73c13536442c) Importer(815301076,1909f56bfc062723c751e8b465ee728b)
Start importing Assets/HaniJahanDesign/FreePack/Prefabs/HJD_FP_Ground_Floating_03.prefab using Guid(f137b743451013a4786b73c13536442c) Importer(815301076,1909f56bfc062723c751e8b465ee728b) (PreviewImporter) -> (artifact id: 'ad809804f0ca54bde530802b96f8f7ed') in 0.1192352 seconds
Number of updated asset objects reloaded before import = 0Number of asset objects unloaded after import = 16

========================================================================
Received Import Request.
  Time since last request: 0.000545 seconds.
  path: Assets/HaniJahanDesign/FreePack/Prefabs/HJD_FP_Ground_Flat_02.prefab
  artifactKey: Guid(6932538034059ba4db4b8ae70065a828) Importer(815301076,1909f56bfc062723c751e8b465ee728b)
Start importing Assets/HaniJahanDesign/FreePack/Prefabs/HJD_FP_Ground_Flat_02.prefab using Guid(6932538034059ba4db4b8ae70065a828) Importer(815301076,1909f56bfc062723c751e8b465ee728b) (PreviewImporter) -> (artifact id: '022d9adbd1402fd85e15b8b7b5db6be9') in 0.0745888 seconds
Number of updated asset objects reloaded before import = 0Number of asset objects unloaded after import = 16

========================================================================
Received Import Request.
  Time since last request: 0.000077 seconds.
  path: Assets/HaniJahanDesign/FreePack/Prefabs/HJD_FP_Ground_Slope_01.prefab
  artifactKey: Guid(85c07aef62130bc459e6da8ccda5145c) Importer(815301076,1909f56bfc062723c751e8b465ee728b)
Start importing Assets/HaniJahanDesign/FreePack/Prefabs/HJD_FP_Ground_Slope_01.prefab using Guid(85c07aef62130bc459e6da8ccda5145c) Importer(815301076,1909f56bfc062723c751e8b465ee728b) (PreviewImporter) -> (artifact id: '5ad5f69b5e1dd991c99adf57a2b256bb') in 0.091119 seconds
Number of updated asset objects reloaded before import = 0Number of asset objects unloaded after import = 16

========================================================================
Received Import Request.
  Time since last request: 0.000098 seconds.
  path: Assets/HaniJahanDesign/FreePack/Prefabs/HJD_FP_Chest_01.prefab
  artifactKey: Guid(bcf46106ca4beb942ab6ef799f8830f8) Importer(815301076,1909f56bfc062723c751e8b465ee728b)
Start importing Assets/HaniJahanDesign/FreePack/Prefabs/HJD_FP_Chest_01.prefab using Guid(bcf46106ca4beb942ab6ef799f8830f8) Importer(815301076,1909f56bfc062723c751e8b465ee728b) (PreviewImporter) -> (artifact id: '44874dfd1ad457f8f66c3064d7098faf') in 0.0962802 seconds
Number of updated asset objects reloaded before import = 0Number of asset objects unloaded after import = 38

========================================================================
Received Import Request.
  Time since last request: 0.000104 seconds.
  path: Assets/HaniJahanDesign/FreePack/Prefabs/HJD_FP_Ground_Floating_01.prefab
  artifactKey: Guid(fc9767cbfdd76ba4ea85577498501c76) Importer(815301076,1909f56bfc062723c751e8b465ee728b)
Start importing Assets/HaniJahanDesign/FreePack/Prefabs/HJD_FP_Ground_Floating_01.prefab using Guid(fc9767cbfdd76ba4ea85577498501c76) Importer(815301076,1909f56bfc062723c751e8b465ee728b) (PreviewImporter) -> (artifact id: 'e892a241b5eead3a8fa72ff04f7ccc22') in 0.086055 seconds
Number of updated asset objects reloaded before import = 0Number of asset objects unloaded after import = 16

========================================================================
Received Import Request.
  Time since last request: 0.000102 seconds.
  path: Assets/HaniJahanDesign/FreePack/Prefabs/HJD_FP_Hazzard_02.prefab
  artifactKey: Guid(67c35b8bcfe5c664ba81a4d9d9706c0f) Importer(815301076,1909f56bfc062723c751e8b465ee728b)
Start importing Assets/HaniJahanDesign/FreePack/Prefabs/HJD_FP_Hazzard_02.prefab using Guid(67c35b8bcfe5c664ba81a4d9d9706c0f) Importer(815301076,1909f56bfc062723c751e8b465ee728b) (PreviewImporter) -> (artifact id: '67b6ff5cd26b80b559eaa5fad7e6554d') in 0.1215945 seconds
Number of updated asset objects reloaded before import = 0Number of asset objects unloaded after import = 29

========================================================================
Received Import Request.
  Time since last request: 0.000072 seconds.
  path: Assets/HaniJahanDesign/FreePack/Prefabs/HJD_FP_Coin_01.prefab
  artifactKey: Guid(f6a4b917ac39ab74ca806164bbd1ed99) Importer(815301076,1909f56bfc062723c751e8b465ee728b)
Start importing Assets/HaniJahanDesign/FreePack/Prefabs/HJD_FP_Coin_01.prefab using Guid(f6a4b917ac39ab74ca806164bbd1ed99) Importer(815301076,1909f56bfc062723c751e8b465ee728b) (PreviewImporter) -> (artifact id: '7ae3328beb057ab837713ed970c88e33') in 0.078409 seconds
Number of updated asset objects reloaded before import = 0Number of asset objects unloaded after import = 16

Editor requested this worker to shutdown with reason: Scaling down because of idle timeout
AssetImportWorker is now disconnected from the server
Process exiting
Exiting without the bug reporter. Application will terminate with return code 0