Using pre-set license
Built from '6000.0/staging' branch; Version is '6000.0.58f1 (44b8bf3a3225) revision 4503743'; Using compiler version '193933523'; Build Type 'Release'
OS: 'Windows 10  (10.0.19045) 64bit Core' Language: 'en' Physical Memory: 32645 MB
BatchMode: 1, IsHumanControllingUs: 0, StartBugReporterOnCrash: 0, Is64bit: 1
Date: 2025-09-25T03:02:46Z

COMMAND LINE ARGUMENTS:
D:\Unity\6000.0.58f1\Editor\Unity.exe
-adb2
-batchMode
-noUpm
-name
AssetImportWorker2
-projectPath
C:/Users/PokeM/OneDrive/Documents/GitHub/CS4555-3D-Project/Rollaball
-logFile
Logs/AssetImportWorker2.log
-srvPort
49489
-job-worker-count
5
-background-job-worker-count
8
-gc-helper-count
1
-name
AssetImport
Successfully changed project path to: C:/Users/PokeM/OneDrive/Documents/GitHub/CS4555-3D-Project/Rollaball
C:/Users/PokeM/OneDrive/Documents/GitHub/CS4555-3D-Project/Rollaball
[UnityMemory] Configuration Parameters - Can be set up in boot.config
    "memorysetup-bucket-allocator-granularity=16"
    "memorysetup-bucket-allocator-bucket-count=8"
    "memorysetup-bucket-allocator-block-size=33554432"
    "memorysetup-bucket-allocator-block-count=8"
    "memorysetup-main-allocator-block-size=16777216"
    "memorysetup-thread-allocator-block-size=16777216"
    "memorysetup-gfx-main-allocator-block-size=16777216"
    "memorysetup-gfx-thread-allocator-block-size=16777216"
    "memorysetup-cache-allocator-block-size=4194304"
    "memorysetup-typetree-allocator-block-size=2097152"
    "memorysetup-profiler-bucket-allocator-granularity=16"
    "memorysetup-profiler-bucket-allocator-bucket-count=8"
    "memorysetup-profiler-bucket-allocator-block-size=33554432"
    "memorysetup-profiler-bucket-allocator-block-count=8"
    "memorysetup-profiler-allocator-block-size=16777216"
    "memorysetup-profiler-editor-allocator-block-size=1048576"
    "memorysetup-temp-allocator-size-main=16777216"
    "memorysetup-job-temp-allocator-block-size=2097152"
    "memorysetup-job-temp-allocator-block-size-background=1048576"
    "memorysetup-job-temp-allocator-reduction-small-platforms=262144"
    "memorysetup-allocator-temp-initial-block-size-main=262144"
    "memorysetup-allocator-temp-initial-block-size-worker=262144"
    "memorysetup-temp-allocator-size-background-worker=32768"
    "memorysetup-temp-allocator-size-job-worker=262144"
    "memorysetup-temp-allocator-size-preload-manager=33554432"
    "memorysetup-temp-allocator-size-nav-mesh-worker=65536"
    "memorysetup-temp-allocator-size-audio-worker=65536"
    "memorysetup-temp-allocator-size-cloud-worker=32768"
    "memorysetup-temp-allocator-size-gi-baking-worker=262144"
    "memorysetup-temp-allocator-size-gi-baking-worker=262144"
    "memorysetup-temp-allocator-size-gi-baking-worker=262144"
    "memorysetup-temp-allocator-size-gi-baking-worker=262144"
    "memorysetup-temp-allocator-size-gi-baking-worker=262144"
    "memorysetup-temp-allocator-size-gfx=262144"
Player connection [30404]  Target information:

Player connection [30404]  * "[IP] 192.168.1.83 [Port] 0 [Flags] 2 [Guid] 4038588822 [EditorId] 4038588822 [Version] 1048832 [Id] WindowsEditor(7,Hiyokurenri) [Debug] 1 [PackageName] WindowsEditor [ProjectName] Editor" 

Player connection [30404] Host joined multi-casting on [225.0.0.222:54997]...
Player connection [30404] Host joined alternative multi-casting on [225.0.0.222:34997]...
JobSystem: Creating JobQueue using job-worker-count value 5
Input System module state changed to: Initialized.
[Physics::Module] Initialized fallback backend.
[Physics::Module] Id: 0xdecafbad
Library Redirect Path: Library/
[Physics::Module] Selected backend.
[Physics::Module] Name: PhysX
[Physics::Module] Id: 0xf2b8ea05
[Physics::Module] SDK Version: 4.1.2
[Physics::Module] Integration Version: 1.0.0
[Physics::Module] Threading Mode: Multi-Threaded
Refreshing native plugins compatible for Editor in 2.58 ms, found 3 plugins.
Preloading 0 native plugins for Editor in 0.00 ms.
Initialize engine version: 6000.0.58f1 (44b8bf3a3225)
[Subsystems] Discovering subsystems at path D:/Unity/6000.0.58f1/Editor/Data/Resources/UnitySubsystems
[Subsystems] Discovering subsystems at path C:/Users/PokeM/OneDrive/Documents/GitHub/CS4555-3D-Project/Rollaball/Assets
GfxDevice: creating device client; kGfxThreadingModeNonThreaded
Direct3D:
    Version:  Direct3D 11.0 [level 11.1]
    Renderer: NVIDIA GeForce RTX 2080 (ID=0x1e82)
    Vendor:   NVIDIA
    VRAM:     7989 MB
    Driver:   32.0.15.7216
Initialize mono
Mono path[0] = 'D:/Unity/6000.0.58f1/Editor/Data/Managed'
Mono path[1] = 'D:/Unity/6000.0.58f1/Editor/Data/MonoBleedingEdge/lib/mono/unityjit-win32'
Mono config path = 'D:/Unity/6000.0.58f1/Editor/Data/MonoBleedingEdge/etc'
Using monoOptions --debugger-agent=transport=dt_socket,embedding=1,server=y,suspend=n,address=127.0.0.1:56576
Begin MonoManager ReloadAssembly
Registering precompiled unity dll's ...
Register platform support module: D:/Unity/6000.0.58f1/Editor/Data/PlaybackEngines/WebGLSupport/UnityEditor.WebGL.Extensions.dll
Register platform support module: D:/Unity/6000.0.58f1/Editor/Data/PlaybackEngines/WindowsStandaloneSupport/UnityEditor.WindowsStandalone.Extensions.dll
Registered in 0.006766 seconds.
- Loaded All Assemblies, in  0.732 seconds
Native extension for WindowsStandalone target not found
Native extension for WebGL target not found
Mono: successfully reloaded assembly
- Finished resetting the current domain, in  0.563 seconds
Domain Reload Profiling: 1295ms
	BeginReloadAssembly (267ms)
		ExecutionOrderSort (0ms)
		DisableScriptedObjects (0ms)
		BackupInstance (0ms)
		ReleaseScriptingObjects (0ms)
		CreateAndSetChildDomain (1ms)
	RebuildCommonClasses (72ms)
	RebuildNativeTypeToScriptingClass (22ms)
	initialDomainReloadingComplete (80ms)
	LoadAllAssembliesAndSetupDomain (290ms)
		LoadAssemblies (268ms)
		RebuildTransferFunctionScriptingTraits (0ms)
		AnalyzeDomain (282ms)
			TypeCache.Refresh (280ms)
				TypeCache.ScanAssembly (251ms)
			BuildScriptInfoCaches (0ms)
			ResolveRequiredComponents (1ms)
	FinalizeReload (564ms)
		ReleaseScriptCaches (0ms)
		RebuildScriptCaches (0ms)
		SetupLoadedEditorAssemblies (490ms)
			LogAssemblyErrors (0ms)
			InitializePlatformSupportModulesInManaged (31ms)
			SetLoadedEditorAssemblies (6ms)
			BeforeProcessingInitializeOnLoad (102ms)
			ProcessInitializeOnLoadAttributes (256ms)
			ProcessInitializeOnLoadMethodAttributes (95ms)
			AfterProcessingInitializeOnLoad (0ms)
			EditorAssembliesLoaded (0ms)
		ExecutionOrderSort2 (0ms)
		AwakeInstancesAfterBackupRestoration (0ms)
========================================================================
Worker process is ready to serve import requests
Import Worker Mode flag is 0x00
Begin MonoManager ReloadAssembly
- Loaded All Assemblies, in  1.359 seconds
Refreshing native plugins compatible for Editor in 2.10 ms, found 3 plugins.
Native extension for WindowsStandalone target not found
Native extension for WebGL target not found
Package Manager log level set to [2]
[Package Manager] Failed to launch server process. Reason: Unity was launched with the -noUpm command-line argument
[Package Manager] Unable to send message (not connected to server process).
[Package Manager] Cannot connect to Unity Package Manager local server
Mono: successfully reloaded assembly
- Finished resetting the current domain, in  1.284 seconds
Domain Reload Profiling: 2635ms
	BeginReloadAssembly (330ms)
		ExecutionOrderSort (0ms)
		DisableScriptedObjects (11ms)
		BackupInstance (0ms)
		ReleaseScriptingObjects (0ms)
		CreateAndSetChildDomain (50ms)
	RebuildCommonClasses (60ms)
	RebuildNativeTypeToScriptingClass (19ms)
	initialDomainReloadingComplete (74ms)
	LoadAllAssembliesAndSetupDomain (867ms)
		LoadAssemblies (654ms)
		RebuildTransferFunctionScriptingTraits (0ms)
		AnalyzeDomain (412ms)
			TypeCache.Refresh (315ms)
				TypeCache.ScanAssembly (286ms)
			BuildScriptInfoCaches (76ms)
			ResolveRequiredComponents (17ms)
	FinalizeReload (1285ms)
		ReleaseScriptCaches (0ms)
		RebuildScriptCaches (0ms)
		SetupLoadedEditorAssemblies (989ms)
			LogAssemblyErrors (0ms)
			InitializePlatformSupportModulesInManaged (4ms)
			SetLoadedEditorAssemblies (6ms)
			BeforeProcessingInitializeOnLoad (177ms)
			ProcessInitializeOnLoadAttributes (729ms)
			ProcessInitializeOnLoadMethodAttributes (70ms)
			AfterProcessingInitializeOnLoad (3ms)
			EditorAssembliesLoaded (0ms)
		ExecutionOrderSort2 (0ms)
		AwakeInstancesAfterBackupRestoration (12ms)
Launched and connected shader compiler UnityShaderCompiler.exe after 0.07 seconds
Refreshing native plugins compatible for Editor in 2.57 ms, found 3 plugins.
Preloading 0 native plugins for Editor in 0.00 ms.
Unloading 13 Unused Serialized files (Serialized files now loaded: 0)
Unloading 6073 unused Assets / (4.8 MB). Loaded Objects now: 6773.
Memory consumption went from 128.1 MB to 123.3 MB.
Total: 22.671100 ms (FindLiveObjects: 1.343100 ms CreateObjectMapping: 2.421100 ms MarkObjects: 12.452300 ms  DeleteObjects: 6.452900 ms)

========================================================================
Received Import Request.
  Time since last request: 701323.060855 seconds.
  path: Assets/Matierals/PickUp.mat
  artifactKey: Guid(dcf75e5c3de22b648ac7dd2922d6a8e0) Importer(815301076,1909f56bfc062723c751e8b465ee728b)
Start importing Assets/Matierals/PickUp.mat using Guid(dcf75e5c3de22b648ac7dd2922d6a8e0) Importer(815301076,1909f56bfc062723c751e8b465ee728b) (PreviewImporter) -> (artifact id: '71ecdfde2b792d7277d3ed1d1e710e5b') in 1.0007398 seconds
Number of updated asset objects reloaded before import = 0Number of asset objects unloaded after import = 1

========================================================================
Received Import Request.
  Time since last request: 0.000077 seconds.
  path: Assets/Matierals/Wall.mat
  artifactKey: Guid(d48e82c1a55ad5e47907ba5249c08489) Importer(815301076,1909f56bfc062723c751e8b465ee728b)
Start importing Assets/Matierals/Wall.mat using Guid(d48e82c1a55ad5e47907ba5249c08489) Importer(815301076,1909f56bfc062723c751e8b465ee728b) (PreviewImporter) -> (artifact id: '831b9776ceacd629bbf13818460d435b') in 0.0349189 seconds
Number of updated asset objects reloaded before import = 0Number of asset objects unloaded after import = 1

========================================================================
Received Import Request.
  Time since last request: 0.000092 seconds.
  path: Assets/Matierals/Player.mat
  artifactKey: Guid(6a1b7051be879074e8b857a2031394a0) Importer(815301076,1909f56bfc062723c751e8b465ee728b)
Start importing Assets/Matierals/Player.mat using Guid(6a1b7051be879074e8b857a2031394a0) Importer(815301076,1909f56bfc062723c751e8b465ee728b) (PreviewImporter) -> (artifact id: '9dd3eeb6613a74159eafb5c0f4df6719') in 0.0289175 seconds
Number of updated asset objects reloaded before import = 0Number of asset objects unloaded after import = 1

========================================================================
Received Import Request.
  Time since last request: 0.000032 seconds.
  path: Assets/Matierals
  artifactKey: Guid(79b5f0e7889f2fa469eb87407fd88821) Importer(815301076,1909f56bfc062723c751e8b465ee728b)
Start importing Assets/Matierals using Guid(79b5f0e7889f2fa469eb87407fd88821) Importer(815301076,1909f56bfc062723c751e8b465ee728b) (PreviewImporter) -> (artifact id: '64a13f77c0cbc38115e1dddb3a2ac6b9') in 0.0009684 seconds
Number of updated asset objects reloaded before import = 0Number of asset objects unloaded after import = 0

========================================================================
Received Import Request.
  Time since last request: 0.562463 seconds.
  path: Assets/Matierals/New Material.mat
  artifactKey: Guid(61c22710e8e861846b4874e7f2fa6108) Importer(815301076,1909f56bfc062723c751e8b465ee728b)
Start importing Assets/Matierals/New Material.mat using Guid(61c22710e8e861846b4874e7f2fa6108) Importer(815301076,1909f56bfc062723c751e8b465ee728b) (PreviewImporter) -> (artifact id: '244c9d7843381316fcc94b4ca83e79be') in 0.0216677 seconds
Number of updated asset objects reloaded before import = 0Number of asset objects unloaded after import = 1

========================================================================
Received Import Request.
  Time since last request: 47.888621 seconds.
  path: Assets/Matierals/Grass.mat
  artifactKey: Guid(61c22710e8e861846b4874e7f2fa6108) Importer(815301076,1909f56bfc062723c751e8b465ee728b)
Start importing Assets/Matierals/Grass.mat using Guid(61c22710e8e861846b4874e7f2fa6108) Importer(815301076,1909f56bfc062723c751e8b465ee728b) (PreviewImporter) -> (artifact id: '5c8847396712c6b3e4c0a3bba281cacd') in 0.0204446 seconds
Number of updated asset objects reloaded before import = 0Number of asset objects unloaded after import = 1

========================================================================
Received Import Request.
  Time since last request: 10.845667 seconds.
  path: Assets/Matierals/Roll A Ball Base Mat
  artifactKey: Guid(2219535b984869243b1071c77ad1fe3a) Importer(815301076,1909f56bfc062723c751e8b465ee728b)
Start importing Assets/Matierals/Roll A Ball Base Mat using Guid(2219535b984869243b1071c77ad1fe3a) Importer(815301076,1909f56bfc062723c751e8b465ee728b) (PreviewImporter) -> (artifact id: '4de94ae455982a0d483b2e00e3050d26') in 0.0006619 seconds
Number of updated asset objects reloaded before import = 0Number of asset objects unloaded after import = 0

========================================================================
Received Import Request.
  Time since last request: 45.958088 seconds.
  path: Assets/Matierals/Hill.mat
  artifactKey: Guid(fe67f073799d21f4d8b18ba4d6d05f23) Importer(815301076,1909f56bfc062723c751e8b465ee728b)
Start importing Assets/Matierals/Hill.mat using Guid(fe67f073799d21f4d8b18ba4d6d05f23) Importer(815301076,1909f56bfc062723c751e8b465ee728b) (PreviewImporter) -> (artifact id: '84e6633a0554930dee54d8570d4a9d29') in 0.021189 seconds
Number of updated asset objects reloaded before import = 0Number of asset objects unloaded after import = 1

========================================================================
Received Import Request.
  Time since last request: 329.897482 seconds.
  path: Assets/Matierals/Hill.mat
  artifactKey: Guid(fe67f073799d21f4d8b18ba4d6d05f23) Importer(815301076,1909f56bfc062723c751e8b465ee728b)
Start importing Assets/Matierals/Hill.mat using Guid(fe67f073799d21f4d8b18ba4d6d05f23) Importer(815301076,1909f56bfc062723c751e8b465ee728b) (PreviewImporter) -> (artifact id: 'f7a73d3fc13b5f095c3faf2414e0f87c') in 0.0277714 seconds
Number of updated asset objects reloaded before import = 0Number of asset objects unloaded after import = 1

========================================================================
Received Import Request.
  Time since last request: 47.902894 seconds.
  path: Assets/Matierals/Power Up.mat
  artifactKey: Guid(878d8fdbee0da424db87efd851767eda) Importer(815301076,1909f56bfc062723c751e8b465ee728b)
Start importing Assets/Matierals/Power Up.mat using Guid(878d8fdbee0da424db87efd851767eda) Importer(815301076,1909f56bfc062723c751e8b465ee728b) (PreviewImporter) -> (artifact id: 'ec7097ba1a1124841032daf66c0c7372') in 0.0241575 seconds
Number of updated asset objects reloaded before import = 0Number of asset objects unloaded after import = 1

========================================================================
Received Prepare
Begin MonoManager ReloadAssembly
- Loaded All Assemblies, in  1.052 seconds
Refreshing native plugins compatible for Editor in 1.48 ms, found 3 plugins.
Native extension for WindowsStandalone target not found
Native extension for WebGL target not found
[Package Manager] Failed to launch server process. Reason: Unity was launched with the -noUpm command-line argument
[Package Manager] Unable to send message (not connected to server process).
[Package Manager] Cannot connect to Unity Package Manager local server
Mono: successfully reloaded assembly
- Finished resetting the current domain, in  1.380 seconds
Domain Reload Profiling: 2433ms
	BeginReloadAssembly (350ms)
		ExecutionOrderSort (0ms)
		DisableScriptedObjects (28ms)
		BackupInstance (0ms)
		ReleaseScriptingObjects (0ms)
		CreateAndSetChildDomain (76ms)
	RebuildCommonClasses (52ms)
	RebuildNativeTypeToScriptingClass (16ms)
	initialDomainReloadingComplete (32ms)
	LoadAllAssembliesAndSetupDomain (603ms)
		LoadAssemblies (534ms)
		RebuildTransferFunctionScriptingTraits (0ms)
		AnalyzeDomain (241ms)
			TypeCache.Refresh (11ms)
				TypeCache.ScanAssembly (0ms)
			BuildScriptInfoCaches (211ms)
			ResolveRequiredComponents (15ms)
	FinalizeReload (1381ms)
		ReleaseScriptCaches (0ms)
		RebuildScriptCaches (0ms)
		SetupLoadedEditorAssemblies (1085ms)
			LogAssemblyErrors (0ms)
			InitializePlatformSupportModulesInManaged (3ms)
			SetLoadedEditorAssemblies (6ms)
			BeforeProcessingInitializeOnLoad (221ms)
			ProcessInitializeOnLoadAttributes (766ms)
			ProcessInitializeOnLoadMethodAttributes (85ms)
			AfterProcessingInitializeOnLoad (3ms)
			EditorAssembliesLoaded (0ms)
		ExecutionOrderSort2 (0ms)
		AwakeInstancesAfterBackupRestoration (28ms)
Refreshing native plugins compatible for Editor in 5.14 ms, found 3 plugins.
Preloading 0 native plugins for Editor in 0.00 ms.
Unloading 13 Unused Serialized files (Serialized files now loaded: 0)
Unloading 6070 unused Assets / (4.3 MB). Loaded Objects now: 6854.
Memory consumption went from 146.5 MB to 142.2 MB.
Total: 24.826700 ms (FindLiveObjects: 1.433000 ms CreateObjectMapping: 2.785000 ms MarkObjects: 15.871600 ms  DeleteObjects: 4.735500 ms)

Prepare: number of updated asset objects reloaded= 0
========================================================================
Received Import Request.
  Time since last request: 1169.511635 seconds.
  path: Assets/Matierals/Color Code
  artifactKey: Guid(e5fc96b55986def4e986acc5214d7c40) Importer(815301076,1909f56bfc062723c751e8b465ee728b)
Start importing Assets/Matierals/Color Code using Guid(e5fc96b55986def4e986acc5214d7c40) Importer(815301076,1909f56bfc062723c751e8b465ee728b) (PreviewImporter) -> (artifact id: '76b2dcd3e7c495bcc6ddb44b41f54fe9') in 0.0097015 seconds
Number of updated asset objects reloaded before import = 0Number of asset objects unloaded after import = 0

========================================================================
Received Import Request.
  Time since last request: 30.011213 seconds.
  path: Assets/Matierals/Color Code/New Material.mat
  artifactKey: Guid(1b68d3c8642da444aae7d9ab22a809a3) Importer(815301076,1909f56bfc062723c751e8b465ee728b)
Start importing Assets/Matierals/Color Code/New Material.mat using Guid(1b68d3c8642da444aae7d9ab22a809a3) Importer(815301076,1909f56bfc062723c751e8b465ee728b) (PreviewImporter) -> (artifact id: '12935d512141966ffaa7c7f9b753eb65') in 0.5933929 seconds
Number of updated asset objects reloaded before import = 0Number of asset objects unloaded after import = 1

========================================================================
Received Import Request.
  Time since last request: 13.695414 seconds.
  path: Assets/Matierals/Color Code/Enemies.mat
  artifactKey: Guid(1b68d3c8642da444aae7d9ab22a809a3) Importer(815301076,1909f56bfc062723c751e8b465ee728b)
Start importing Assets/Matierals/Color Code/Enemies.mat using Guid(1b68d3c8642da444aae7d9ab22a809a3) Importer(815301076,1909f56bfc062723c751e8b465ee728b) (PreviewImporter) -> (artifact id: 'f8c5a7ab75a18841cf574b3e60336015') in 0.0226747 seconds
Number of updated asset objects reloaded before import = 0Number of asset objects unloaded after import = 1

========================================================================
Received Import Request.
  Time since last request: 7.436924 seconds.
  path: Assets/Matierals/Color Code/Traps.mat
  artifactKey: Guid(6d228e2e7f8335e449eb9e76f879255e) Importer(815301076,1909f56bfc062723c751e8b465ee728b)
Start importing Assets/Matierals/Color Code/Traps.mat using Guid(6d228e2e7f8335e449eb9e76f879255e) Importer(815301076,1909f56bfc062723c751e8b465ee728b) (PreviewImporter) -> (artifact id: 'b0ce10bb2784dbefb0df373e2a05e838') in 0.0197219 seconds
Number of updated asset objects reloaded before import = 0Number of asset objects unloaded after import = 1

========================================================================
Received Import Request.
  Time since last request: 17.632174 seconds.
  path: Assets/Matierals/Color Code/Power-Ups.mat
  artifactKey: Guid(2dd0fa5c840497a42b3dee0632542068) Importer(815301076,1909f56bfc062723c751e8b465ee728b)
Start importing Assets/Matierals/Color Code/Power-Ups.mat using Guid(2dd0fa5c840497a42b3dee0632542068) Importer(815301076,1909f56bfc062723c751e8b465ee728b) (PreviewImporter) -> (artifact id: '895baa9ac59faffe5eaa07e11f111334') in 0.0300789 seconds
Number of updated asset objects reloaded before import = 0Number of asset objects unloaded after import = 1

========================================================================
Received Import Request.
  Time since last request: 8.418345 seconds.
  path: Assets/Matierals/Color Code/Obstacles.mat
  artifactKey: Guid(d6ce99e8124249c4781fb69b57ef3e65) Importer(815301076,1909f56bfc062723c751e8b465ee728b)
Start importing Assets/Matierals/Color Code/Obstacles.mat using Guid(d6ce99e8124249c4781fb69b57ef3e65) Importer(815301076,1909f56bfc062723c751e8b465ee728b) (PreviewImporter) -> (artifact id: 'a0a34b5d5a91cf882f489da3cde49573') in 0.0207067 seconds
Number of updated asset objects reloaded before import = 0Number of asset objects unloaded after import = 1

========================================================================
Received Import Request.
  Time since last request: 251.830281 seconds.
  path: Assets/Matierals/Color Code/Obstacles.mat
  artifactKey: Guid(d6ce99e8124249c4781fb69b57ef3e65) Importer(815301076,1909f56bfc062723c751e8b465ee728b)
Start importing Assets/Matierals/Color Code/Obstacles.mat using Guid(d6ce99e8124249c4781fb69b57ef3e65) Importer(815301076,1909f56bfc062723c751e8b465ee728b) (PreviewImporter) -> (artifact id: '6f3ff67fe643e5285746a20676d8826e') in 0.0261984 seconds
Number of updated asset objects reloaded before import = 0Number of asset objects unloaded after import = 1

========================================================================
Received Import Request.
  Time since last request: 0.000027 seconds.
  path: Assets/Matierals/Color Code/Traps.mat
  artifactKey: Guid(6d228e2e7f8335e449eb9e76f879255e) Importer(815301076,1909f56bfc062723c751e8b465ee728b)
Start importing Assets/Matierals/Color Code/Traps.mat using Guid(6d228e2e7f8335e449eb9e76f879255e) Importer(815301076,1909f56bfc062723c751e8b465ee728b) (PreviewImporter) -> (artifact id: '154c9b7003d269088d2584daedd72e54') in 0.0214172 seconds
Number of updated asset objects reloaded before import = 0Number of asset objects unloaded after import = 1

